cd build && make check
make[1]: Entering directory '/home/ugrads/majors/ryeung/cs4284/pintos-2017/src/vm/build'
pintos -v -k -T 60 --smp 2 --kvm  --filesys-size=2 -p tests/userprog/args-none -a args-none --swap-size=4 -- -q  -f run args-none < /dev/null 2> tests/userprog/args-none.errors > tests/userprog/args-none.output
perl -I../.. ../../tests/userprog/args-none.ck tests/userprog/args-none tests/userprog/args-none.result
pass tests/userprog/args-none
pintos -v -k -T 60 --smp 2 --kvm  --filesys-size=2 -p tests/userprog/args-single -a args-single --swap-size=4 -- -q  -f run 'args-single onearg' < /dev/null 2> tests/userprog/args-single.errors > tests/userprog/args-single.output
perl -I../.. ../../tests/userprog/args-single.ck tests/userprog/args-single tests/userprog/args-single.result
pass tests/userprog/args-single
pintos -v -k -T 60 --smp 2 --kvm  --filesys-size=2 -p tests/userprog/args-multiple -a args-multiple --swap-size=4 -- -q  -f run 'args-multiple some arguments for you!' < /dev/null 2> tests/userprog/args-multiple.errors > tests/userprog/args-multiple.output
perl -I../.. ../../tests/userprog/args-multiple.ck tests/userprog/args-multiple tests/userprog/args-multiple.result
pass tests/userprog/args-multiple
pintos -v -k -T 60 --smp 2 --kvm  --filesys-size=2 -p tests/userprog/args-many -a args-many --swap-size=4 -- -q  -f run 'args-many a b c d e f g h i j k l m n o p q r s t u v' < /dev/null 2> tests/userprog/args-many.errors > tests/userprog/args-many.output
perl -I../.. ../../tests/userprog/args-many.ck tests/userprog/args-many tests/userprog/args-many.result
pass tests/userprog/args-many
pintos -v -k -T 60 --smp 2 --kvm  --filesys-size=2 -p tests/userprog/args-dbl-space -a args-dbl-space --swap-size=4 -- -q  -f run 'args-dbl-space two  spaces!' < /dev/null 2> tests/userprog/args-dbl-space.errors > tests/userprog/args-dbl-space.output
perl -I../.. ../../tests/userprog/args-dbl-space.ck tests/userprog/args-dbl-space tests/userprog/args-dbl-space.result
pass tests/userprog/args-dbl-space
pintos -v -k -T 60 --smp 2 --kvm  --filesys-size=2 -p tests/userprog/sc-bad-sp -a sc-bad-sp --swap-size=4 -- -q  -f run sc-bad-sp < /dev/null 2> tests/userprog/sc-bad-sp.errors > tests/userprog/sc-bad-sp.output
perl -I../.. ../../tests/userprog/sc-bad-sp.ck tests/userprog/sc-bad-sp tests/userprog/sc-bad-sp.result
pass tests/userprog/sc-bad-sp
pintos -v -k -T 60 --smp 2 --kvm  --filesys-size=2 -p tests/userprog/sc-bad-arg -a sc-bad-arg --swap-size=4 -- -q  -f run sc-bad-arg < /dev/null 2> tests/userprog/sc-bad-arg.errors > tests/userprog/sc-bad-arg.output
perl -I../.. ../../tests/userprog/sc-bad-arg.ck tests/userprog/sc-bad-arg tests/userprog/sc-bad-arg.result
pass tests/userprog/sc-bad-arg
pintos -v -k -T 60 --smp 2 --kvm  --filesys-size=2 -p tests/userprog/sc-boundary -a sc-boundary --swap-size=4 -- -q  -f run sc-boundary < /dev/null 2> tests/userprog/sc-boundary.errors > tests/userprog/sc-boundary.output
perl -I../.. ../../tests/userprog/sc-boundary.ck tests/userprog/sc-boundary tests/userprog/sc-boundary.result
pass tests/userprog/sc-boundary
pintos -v -k -T 60 --smp 2 --kvm  --filesys-size=2 -p tests/userprog/sc-boundary-2 -a sc-boundary-2 --swap-size=4 -- -q  -f run sc-boundary-2 < /dev/null 2> tests/userprog/sc-boundary-2.errors > tests/userprog/sc-boundary-2.output
perl -I../.. ../../tests/userprog/sc-boundary-2.ck tests/userprog/sc-boundary-2 tests/userprog/sc-boundary-2.result
pass tests/userprog/sc-boundary-2
pintos -v -k -T 60 --smp 2 --kvm  --filesys-size=2 -p tests/userprog/halt -a halt --swap-size=4 -- -q  -f run halt < /dev/null 2> tests/userprog/halt.errors > tests/userprog/halt.output
perl -I../.. ../../tests/userprog/halt.ck tests/userprog/halt tests/userprog/halt.result
pass tests/userprog/halt
pintos -v -k -T 60 --smp 2 --kvm  --filesys-size=2 -p tests/userprog/exit -a exit --swap-size=4 -- -q  -f run exit < /dev/null 2> tests/userprog/exit.errors > tests/userprog/exit.output
perl -I../.. ../../tests/userprog/exit.ck tests/userprog/exit tests/userprog/exit.result
pass tests/userprog/exit
pintos -v -k -T 60 --smp 2 --kvm  --filesys-size=2 -p tests/userprog/create-normal -a create-normal --swap-size=4 -- -q  -f run create-normal < /dev/null 2> tests/userprog/create-normal.errors > tests/userprog/create-normal.output
perl -I../.. ../../tests/userprog/create-normal.ck tests/userprog/create-normal tests/userprog/create-normal.result
pass tests/userprog/create-normal
pintos -v -k -T 60 --smp 2 --kvm  --filesys-size=2 -p tests/userprog/create-empty -a create-empty --swap-size=4 -- -q  -f run create-empty < /dev/null 2> tests/userprog/create-empty.errors > tests/userprog/create-empty.output
perl -I../.. ../../tests/userprog/create-empty.ck tests/userprog/create-empty tests/userprog/create-empty.result
pass tests/userprog/create-empty
pintos -v -k -T 60 --smp 2 --kvm  --filesys-size=2 -p tests/userprog/create-null -a create-null --swap-size=4 -- -q  -f run create-null < /dev/null 2> tests/userprog/create-null.errors > tests/userprog/create-null.output
perl -I../.. ../../tests/userprog/create-null.ck tests/userprog/create-null tests/userprog/create-null.result
pass tests/userprog/create-null
pintos -v -k -T 60 --smp 2 --kvm  --filesys-size=2 -p tests/userprog/create-bad-ptr -a create-bad-ptr --swap-size=4 -- -q  -f run create-bad-ptr < /dev/null 2> tests/userprog/create-bad-ptr.errors > tests/userprog/create-bad-ptr.output
perl -I../.. ../../tests/userprog/create-bad-ptr.ck tests/userprog/create-bad-ptr tests/userprog/create-bad-ptr.result
pass tests/userprog/create-bad-ptr
pintos -v -k -T 60 --smp 2 --kvm  --filesys-size=2 -p tests/userprog/create-long -a create-long --swap-size=4 -- -q  -f run create-long < /dev/null 2> tests/userprog/create-long.errors > tests/userprog/create-long.output
perl -I../.. ../../tests/userprog/create-long.ck tests/userprog/create-long tests/userprog/create-long.result
pass tests/userprog/create-long
pintos -v -k -T 60 --smp 2 --kvm  --filesys-size=2 -p tests/userprog/create-exists -a create-exists --swap-size=4 -- -q  -f run create-exists < /dev/null 2> tests/userprog/create-exists.errors > tests/userprog/create-exists.output
perl -I../.. ../../tests/userprog/create-exists.ck tests/userprog/create-exists tests/userprog/create-exists.result
pass tests/userprog/create-exists
pintos -v -k -T 60 --smp 2 --kvm  --filesys-size=2 -p tests/userprog/create-bound -a create-bound --swap-size=4 -- -q  -f run create-bound < /dev/null 2> tests/userprog/create-bound.errors > tests/userprog/create-bound.output
perl -I../.. ../../tests/userprog/create-bound.ck tests/userprog/create-bound tests/userprog/create-bound.result
pass tests/userprog/create-bound
pintos -v -k -T 60 --smp 2 --kvm  --filesys-size=2 -p tests/userprog/open-normal -a open-normal -p ../../tests/userprog/sample.txt -a sample.txt --swap-size=4 -- -q  -f run open-normal < /dev/null 2> tests/userprog/open-normal.errors > tests/userprog/open-normal.output
perl -I../.. ../../tests/userprog/open-normal.ck tests/userprog/open-normal tests/userprog/open-normal.result
pass tests/userprog/open-normal
pintos -v -k -T 60 --smp 2 --kvm  --filesys-size=2 -p tests/userprog/open-missing -a open-missing --swap-size=4 -- -q  -f run open-missing < /dev/null 2> tests/userprog/open-missing.errors > tests/userprog/open-missing.output
perl -I../.. ../../tests/userprog/open-missing.ck tests/userprog/open-missing tests/userprog/open-missing.result
pass tests/userprog/open-missing
pintos -v -k -T 60 --smp 2 --kvm  --filesys-size=2 -p tests/userprog/open-boundary -a open-boundary -p ../../tests/userprog/sample.txt -a sample.txt --swap-size=4 -- -q  -f run open-boundary < /dev/null 2> tests/userprog/open-boundary.errors > tests/userprog/open-boundary.output
perl -I../.. ../../tests/userprog/open-boundary.ck tests/userprog/open-boundary tests/userprog/open-boundary.result
pass tests/userprog/open-boundary
pintos -v -k -T 60 --smp 2 --kvm  --filesys-size=2 -p tests/userprog/open-empty -a open-empty --swap-size=4 -- -q  -f run open-empty < /dev/null 2> tests/userprog/open-empty.errors > tests/userprog/open-empty.output
perl -I../.. ../../tests/userprog/open-empty.ck tests/userprog/open-empty tests/userprog/open-empty.result
pass tests/userprog/open-empty
pintos -v -k -T 60 --smp 2 --kvm  --filesys-size=2 -p tests/userprog/open-null -a open-null --swap-size=4 -- -q  -f run open-null < /dev/null 2> tests/userprog/open-null.errors > tests/userprog/open-null.output
perl -I../.. ../../tests/userprog/open-null.ck tests/userprog/open-null tests/userprog/open-null.result
pass tests/userprog/open-null
pintos -v -k -T 60 --smp 2 --kvm  --filesys-size=2 -p tests/userprog/open-bad-ptr -a open-bad-ptr --swap-size=4 -- -q  -f run open-bad-ptr < /dev/null 2> tests/userprog/open-bad-ptr.errors > tests/userprog/open-bad-ptr.output
perl -I../.. ../../tests/userprog/open-bad-ptr.ck tests/userprog/open-bad-ptr tests/userprog/open-bad-ptr.result
pass tests/userprog/open-bad-ptr
pintos -v -k -T 60 --smp 2 --kvm  --filesys-size=2 -p tests/userprog/open-twice -a open-twice -p ../../tests/userprog/sample.txt -a sample.txt --swap-size=4 -- -q  -f run open-twice < /dev/null 2> tests/userprog/open-twice.errors > tests/userprog/open-twice.output
perl -I../.. ../../tests/userprog/open-twice.ck tests/userprog/open-twice tests/userprog/open-twice.result
pass tests/userprog/open-twice
pintos -v -k -T 60 --smp 2 --kvm  --filesys-size=2 -p tests/userprog/close-normal -a close-normal -p ../../tests/userprog/sample.txt -a sample.txt --swap-size=4 -- -q  -f run close-normal < /dev/null 2> tests/userprog/close-normal.errors > tests/userprog/close-normal.output
perl -I../.. ../../tests/userprog/close-normal.ck tests/userprog/close-normal tests/userprog/close-normal.result
pass tests/userprog/close-normal
pintos -v -k -T 60 --smp 2 --kvm  --filesys-size=2 -p tests/userprog/close-twice -a close-twice -p ../../tests/userprog/sample.txt -a sample.txt --swap-size=4 -- -q  -f run close-twice < /dev/null 2> tests/userprog/close-twice.errors > tests/userprog/close-twice.output
perl -I../.. ../../tests/userprog/close-twice.ck tests/userprog/close-twice tests/userprog/close-twice.result
pass tests/userprog/close-twice
pintos -v -k -T 60 --smp 2 --kvm  --filesys-size=2 -p tests/userprog/close-stdin -a close-stdin --swap-size=4 -- -q  -f run close-stdin < /dev/null 2> tests/userprog/close-stdin.errors > tests/userprog/close-stdin.output
perl -I../.. ../../tests/userprog/close-stdin.ck tests/userprog/close-stdin tests/userprog/close-stdin.result
pass tests/userprog/close-stdin
pintos -v -k -T 60 --smp 2 --kvm  --filesys-size=2 -p tests/userprog/close-stdout -a close-stdout --swap-size=4 -- -q  -f run close-stdout < /dev/null 2> tests/userprog/close-stdout.errors > tests/userprog/close-stdout.output
perl -I../.. ../../tests/userprog/close-stdout.ck tests/userprog/close-stdout tests/userprog/close-stdout.result
pass tests/userprog/close-stdout
pintos -v -k -T 60 --smp 2 --kvm  --filesys-size=2 -p tests/userprog/close-bad-fd -a close-bad-fd --swap-size=4 -- -q  -f run close-bad-fd < /dev/null 2> tests/userprog/close-bad-fd.errors > tests/userprog/close-bad-fd.output
perl -I../.. ../../tests/userprog/close-bad-fd.ck tests/userprog/close-bad-fd tests/userprog/close-bad-fd.result
pass tests/userprog/close-bad-fd
pintos -v -k -T 60 --smp 2 --kvm  --filesys-size=2 -p tests/userprog/read-normal -a read-normal -p ../../tests/userprog/sample.txt -a sample.txt --swap-size=4 -- -q  -f run read-normal < /dev/null 2> tests/userprog/read-normal.errors > tests/userprog/read-normal.output
perl -I../.. ../../tests/userprog/read-normal.ck tests/userprog/read-normal tests/userprog/read-normal.result
pass tests/userprog/read-normal
pintos -v -k -T 60 --smp 2 --kvm  --filesys-size=2 -p tests/userprog/read-bad-ptr -a read-bad-ptr -p ../../tests/userprog/sample.txt -a sample.txt --swap-size=4 -- -q  -f run read-bad-ptr < /dev/null 2> tests/userprog/read-bad-ptr.errors > tests/userprog/read-bad-ptr.output
perl -I../.. ../../tests/userprog/read-bad-ptr.ck tests/userprog/read-bad-ptr tests/userprog/read-bad-ptr.result
pass tests/userprog/read-bad-ptr
pintos -v -k -T 60 --smp 2 --kvm  --filesys-size=2 -p tests/userprog/read-boundary -a read-boundary -p ../../tests/userprog/sample.txt -a sample.txt --swap-size=4 -- -q  -f run read-boundary < /dev/null 2> tests/userprog/read-boundary.errors > tests/userprog/read-boundary.output
perl -I../.. ../../tests/userprog/read-boundary.ck tests/userprog/read-boundary tests/userprog/read-boundary.result
pass tests/userprog/read-boundary
pintos -v -k -T 60 --smp 2 --kvm  --filesys-size=2 -p tests/userprog/read-zero -a read-zero -p ../../tests/userprog/sample.txt -a sample.txt --swap-size=4 -- -q  -f run read-zero < /dev/null 2> tests/userprog/read-zero.errors > tests/userprog/read-zero.output
perl -I../.. ../../tests/userprog/read-zero.ck tests/userprog/read-zero tests/userprog/read-zero.result
pass tests/userprog/read-zero
pintos -v -k -T 60 --smp 2 --kvm  --filesys-size=2 -p tests/userprog/read-stdout -a read-stdout --swap-size=4 -- -q  -f run read-stdout < /dev/null 2> tests/userprog/read-stdout.errors > tests/userprog/read-stdout.output
perl -I../.. ../../tests/userprog/read-stdout.ck tests/userprog/read-stdout tests/userprog/read-stdout.result
pass tests/userprog/read-stdout
pintos -v -k -T 60 --smp 2 --kvm  --filesys-size=2 -p tests/userprog/read-bad-fd -a read-bad-fd --swap-size=4 -- -q  -f run read-bad-fd < /dev/null 2> tests/userprog/read-bad-fd.errors > tests/userprog/read-bad-fd.output
perl -I../.. ../../tests/userprog/read-bad-fd.ck tests/userprog/read-bad-fd tests/userprog/read-bad-fd.result
pass tests/userprog/read-bad-fd
pintos -v -k -T 60 --smp 2 --kvm  --filesys-size=2 -p tests/userprog/write-normal -a write-normal -p ../../tests/userprog/sample.txt -a sample.txt --swap-size=4 -- -q  -f run write-normal < /dev/null 2> tests/userprog/write-normal.errors > tests/userprog/write-normal.output
perl -I../.. ../../tests/userprog/write-normal.ck tests/userprog/write-normal tests/userprog/write-normal.result
pass tests/userprog/write-normal
pintos -v -k -T 60 --smp 2 --kvm  --filesys-size=2 -p tests/userprog/write-bad-ptr -a write-bad-ptr -p ../../tests/userprog/sample.txt -a sample.txt --swap-size=4 -- -q  -f run write-bad-ptr < /dev/null 2> tests/userprog/write-bad-ptr.errors > tests/userprog/write-bad-ptr.output
perl -I../.. ../../tests/userprog/write-bad-ptr.ck tests/userprog/write-bad-ptr tests/userprog/write-bad-ptr.result
pass tests/userprog/write-bad-ptr
pintos -v -k -T 60 --smp 2 --kvm  --filesys-size=2 -p tests/userprog/write-boundary -a write-boundary -p ../../tests/userprog/sample.txt -a sample.txt --swap-size=4 -- -q  -f run write-boundary < /dev/null 2> tests/userprog/write-boundary.errors > tests/userprog/write-boundary.output
perl -I../.. ../../tests/userprog/write-boundary.ck tests/userprog/write-boundary tests/userprog/write-boundary.result
pass tests/userprog/write-boundary
pintos -v -k -T 60 --smp 2 --kvm  --filesys-size=2 -p tests/userprog/write-zero -a write-zero -p ../../tests/userprog/sample.txt -a sample.txt --swap-size=4 -- -q  -f run write-zero < /dev/null 2> tests/userprog/write-zero.errors > tests/userprog/write-zero.output
perl -I../.. ../../tests/userprog/write-zero.ck tests/userprog/write-zero tests/userprog/write-zero.result
pass tests/userprog/write-zero
pintos -v -k -T 60 --smp 2 --kvm  --filesys-size=2 -p tests/userprog/write-stdin -a write-stdin --swap-size=4 -- -q  -f run write-stdin < /dev/null 2> tests/userprog/write-stdin.errors > tests/userprog/write-stdin.output
perl -I../.. ../../tests/userprog/write-stdin.ck tests/userprog/write-stdin tests/userprog/write-stdin.result
pass tests/userprog/write-stdin
pintos -v -k -T 60 --smp 2 --kvm  --filesys-size=2 -p tests/userprog/write-bad-fd -a write-bad-fd --swap-size=4 -- -q  -f run write-bad-fd < /dev/null 2> tests/userprog/write-bad-fd.errors > tests/userprog/write-bad-fd.output
perl -I../.. ../../tests/userprog/write-bad-fd.ck tests/userprog/write-bad-fd tests/userprog/write-bad-fd.result
pass tests/userprog/write-bad-fd
pintos -v -k -T 60 --smp 2 --kvm  --filesys-size=2 -p tests/userprog/exec-once -a exec-once -p tests/userprog/child-simple -a child-simple --swap-size=4 -- -q  -f run exec-once < /dev/null 2> tests/userprog/exec-once.errors > tests/userprog/exec-once.output
perl -I../.. ../../tests/userprog/exec-once.ck tests/userprog/exec-once tests/userprog/exec-once.result
FAIL tests/userprog/exec-once
Kernel panic in run: PANIC from CPU 0 at ../../userprog/exception.c:106 in kill(): Kernel bug - unexpected interrupt in kernel
Call stack: 0xc00327d2 0xc003288c 0xc0036935 0xc0036f38 0xc00227d4 0xc0022bd2 0xc0035d63 0xc00352b8 0xc0021911 0xc00370aa 0xc00227d4 0xc0022bd2 0x804a5e3 0x80486fb
Translation of call stack:
In kernel.o:
0xc00327d2: debug_backtrace_with_lock (.../../lib/kernel/debug.c:56)
0xc003288c: debug_panic (...ug.c:90 (discriminator 4))
0xc0036935: kill (.../userprog/exception.c:112)
0xc0036f38: page_fault (....c:339 (discriminator 12))
0xc00227d4: intr_handler (..../threads/interrupt.c:353)
0xc0022bd2: intr_entry (threads/intr-stubs.o:?)
0xc0035d63: find_child (...../userprog/process.c:635)
0xc00352b8: process_exit (...../userprog/process.c:167)
0xc0021911: thread_exit (..../../threads/thread.c:429)
0xc00370aa: syscall_handler (.../../userprog/syscall.c:62)
0xc00227d4: intr_handler (..../threads/interrupt.c:353)
0xc0022bd2: intr_entry (threads/intr-stubs.o:?)
In tests/userprog/exec-once:
0x0804a5e3: debug_panic (...../../lib/user/debug.c:19)
0x080486fb: compare_bytes (...ild/../../tests/lib.c:193)
Translations of user virtual addresses above are based on a guess at
the binary to use.  If this guess is incorrect, then those
translations will be misleading.
pintos -v -k -T 60 --smp 2 --kvm  --filesys-size=2 -p tests/userprog/exec-arg -a exec-arg -p tests/userprog/child-args -a child-args --swap-size=4 -- -q  -f run exec-arg < /dev/null 2> tests/userprog/exec-arg.errors > tests/userprog/exec-arg.output
perl -I../.. ../../tests/userprog/exec-arg.ck tests/userprog/exec-arg tests/userprog/exec-arg.result
FAIL tests/userprog/exec-arg
Kernel panic in run: PANIC from CPU 0 at ../../userprog/exception.c:106 in kill(): Kernel bug - unexpected interrupt in kernel
Call stack: 0xc00327d2 0xc003288c 0xc0036935 0xc0036f38 0xc00227d4 0xc0022bd2 0xc0035d63 0xc00352b8 0xc0021911 0xc00370aa 0xc00227d4 0xc0022bd2 0x804a66d 0x8048785
Translation of call stack:
In kernel.o:
0xc00327d2: debug_backtrace_with_lock (.../../lib/kernel/debug.c:56)
0xc003288c: debug_panic (...ug.c:90 (discriminator 4))
0xc0036935: kill (.../userprog/exception.c:112)
0xc0036f38: page_fault (....c:339 (discriminator 12))
0xc00227d4: intr_handler (..../threads/interrupt.c:353)
0xc0022bd2: intr_entry (threads/intr-stubs.o:?)
0xc0035d63: find_child (...../userprog/process.c:635)
0xc00352b8: process_exit (...../userprog/process.c:167)
0xc0021911: thread_exit (..../../threads/thread.c:429)
0xc00370aa: syscall_handler (.../../userprog/syscall.c:62)
0xc00227d4: intr_handler (..../threads/interrupt.c:353)
0xc0022bd2: intr_entry (threads/intr-stubs.o:?)
In tests/userprog/exec-arg:
0x0804a66d: wait (.../../lib/user/syscall.c:87)
0x08048785: random_init (...om.c:41 (discriminator 3))
Translations of user virtual addresses above are based on a guess at
the binary to use.  If this guess is incorrect, then those
translations will be misleading.
pintos -v -k -T 60 --smp 2 --kvm  --filesys-size=2 -p tests/userprog/exec-multiple -a exec-multiple -p tests/userprog/child-simple -a child-simple --swap-size=4 -- -q  -f run exec-multiple < /dev/null 2> tests/userprog/exec-multiple.errors > tests/userprog/exec-multiple.output
perl -I../.. ../../tests/userprog/exec-multiple.ck tests/userprog/exec-multiple tests/userprog/exec-multiple.result
FAIL tests/userprog/exec-multiple
Kernel panic in run: PANIC from CPU 0 at ../../userprog/exception.c:106 in kill(): Kernel PANIC recursion at ../../devices/serial.c:232 in putc_poll().
Call stack: 0xc00327d2
Translation of call stack:
0xc00327d2: debug_backtrace_with_lock (.../../lib/kernel/debug.c:56)
pintos -v -k -T 60 --smp 2 --kvm  --filesys-size=2 -p tests/userprog/exec-missing -a exec-missing --swap-size=4 -- -q  -f run exec-missing < /dev/null 2> tests/userprog/exec-missing.errors > tests/userprog/exec-missing.output
perl -I../.. ../../tests/userprog/exec-missing.ck tests/userprog/exec-missing tests/userprog/exec-missing.result
pass tests/userprog/exec-missing
pintos -v -k -T 60 --smp 2 --kvm  --filesys-size=2 -p tests/userprog/exec-bad-ptr -a exec-bad-ptr --swap-size=4 -- -q  -f run exec-bad-ptr < /dev/null 2> tests/userprog/exec-bad-ptr.errors > tests/userprog/exec-bad-ptr.output
perl -I../.. ../../tests/userprog/exec-bad-ptr.ck tests/userprog/exec-bad-ptr tests/userprog/exec-bad-ptr.result
pass tests/userprog/exec-bad-ptr
pintos -v -k -T 60 --smp 2 --kvm  --filesys-size=2 -p tests/userprog/wait-simple -a wait-simple -p tests/userprog/child-simple -a child-simple --swap-size=4 -- -q  -f run wait-simple < /dev/null 2> tests/userprog/wait-simple.errors > tests/userprog/wait-simple.output
perl -I../.. ../../tests/userprog/wait-simple.ck tests/userprog/wait-simple tests/userprog/wait-simple.result
FAIL tests/userprog/wait-simple
Kernel panic in run: PANIC from CPU 0 at ../../userprog/exception.c:106 in kill(): Kernel bug - unexpected interrupt in kernel
Call stack: 0xc00327d2 0xc003288c 0xc0036935 0xc0036f38 0xc00227d4 0xc0022bd2 0xc0035d63 0xc00352b8 0xc0021911 0xc00370aa 0xc00227d4 0xc0022bd2 0x804a5e3 0x80486fb
Translation of call stack:
In kernel.o:
0xc00327d2: debug_backtrace_with_lock (.../../lib/kernel/debug.c:56)
0xc003288c: debug_panic (...ug.c:90 (discriminator 4))
0xc0036935: kill (.../userprog/exception.c:112)
0xc0036f38: page_fault (....c:339 (discriminator 12))
0xc00227d4: intr_handler (..../threads/interrupt.c:353)
0xc0022bd2: intr_entry (threads/intr-stubs.o:?)
0xc0035d63: find_child (...../userprog/process.c:635)
0xc00352b8: process_exit (...../userprog/process.c:167)
0xc0021911: thread_exit (..../../threads/thread.c:429)
0xc00370aa: syscall_handler (.../../userprog/syscall.c:62)
0xc00227d4: intr_handler (..../threads/interrupt.c:353)
0xc0022bd2: intr_entry (threads/intr-stubs.o:?)
In tests/userprog/wait-simple:
0x0804a5e3: debug_panic (...../../lib/user/debug.c:18)
0x080486fb: compare_bytes (...ild/../../tests/lib.c:193)
Translations of user virtual addresses above are based on a guess at
the binary to use.  If this guess is incorrect, then those
translations will be misleading.
pintos -v -k -T 60 --smp 2 --kvm  --filesys-size=2 -p tests/userprog/wait-twice -a wait-twice -p tests/userprog/child-simple -a child-simple --swap-size=4 -- -q  -f run wait-twice < /dev/null 2> tests/userprog/wait-twice.errors > tests/userprog/wait-twice.output
perl -I../.. ../../tests/userprog/wait-twice.ck tests/userprog/wait-twice tests/userprog/wait-twice.result
FAIL tests/userprog/wait-twice
Kernel panic in run: PANIC from CPU 0 at ../../userprog/exception.c:106 in kill(): Kernel bug - unexpected interrupt in kernel
Call stack: 0xc00327d2 0xc003288c 0xc0036935 0xc0036f38 0xc00227d4 0xc0022bd2 0xc0035d63 0xc00352b8 0xc0021911 0xc00370aa 0xc00227d4 0xc0022bd2 0x804a5e3 0x80486fb
Translation of call stack:
In kernel.o:
0xc00327d2: debug_backtrace_with_lock (.../../lib/kernel/debug.c:56)
0xc003288c: debug_panic (...ug.c:90 (discriminator 4))
0xc0036935: kill (.../userprog/exception.c:112)
0xc0036f38: page_fault (....c:339 (discriminator 12))
0xc00227d4: intr_handler (..../threads/interrupt.c:353)
0xc0022bd2: intr_entry (threads/intr-stubs.o:?)
0xc0035d63: find_child (...../userprog/process.c:635)
0xc00352b8: process_exit (...../userprog/process.c:167)
0xc0021911: thread_exit (..../../threads/thread.c:429)
0xc00370aa: syscall_handler (.../../userprog/syscall.c:62)
0xc00227d4: intr_handler (..../threads/interrupt.c:353)
0xc0022bd2: intr_entry (threads/intr-stubs.o:?)
In tests/userprog/wait-twice:
0x0804a5e3: debug_panic (...../../lib/user/debug.c:15)
0x080486fb: compare_bytes (...ild/../../tests/lib.c:191)
Translations of user virtual addresses above are based on a guess at
the binary to use.  If this guess is incorrect, then those
translations will be misleading.
pintos -v -k -T 60 --smp 2 --kvm  --filesys-size=2 -p tests/userprog/wait-killed -a wait-killed -p tests/userprog/child-bad -a child-bad --swap-size=4 -- -q  -f run wait-killed < /dev/null 2> tests/userprog/wait-killed.errors > tests/userprog/wait-killed.output
perl -I../.. ../../tests/userprog/wait-killed.ck tests/userprog/wait-killed tests/userprog/wait-killed.result
FAIL tests/userprog/wait-killed
Kernel panic in run: PANIC from CPU 0 at ../../userprog/exception.c:106 in kill(): Kernel bug - unexpected interrupt in kernel
Call stack: 0xc00327d2 0xc003288c 0xc0036935 0xc0036f38 0xc00227d4 0xc0022bd2 0xc0035d63 0xc00352b8 0xc0021911 0xc003704e 0xc00227d4 0xc0022bd2 0x80480a1 0x80480ed 0x804872d
Translation of call stack:
In kernel.o:
0xc00327d2: debug_backtrace_with_lock (.../../lib/kernel/debug.c:56)
0xc003288c: debug_panic (...ug.c:90 (discriminator 4))
0xc0036935: kill (.../userprog/exception.c:112)
0xc0036f38: page_fault (....c:339 (discriminator 12))
0xc00227d4: intr_handler (..../threads/interrupt.c:353)
0xc0022bd2: intr_entry (threads/intr-stubs.o:?)
0xc0035d63: find_child (...../userprog/process.c:635)
0xc00352b8: process_exit (...../userprog/process.c:167)
0xc0021911: thread_exit (..../../threads/thread.c:429)
0xc003704e: syscall_handler (.../../userprog/syscall.c:48)
0xc00227d4: intr_handler (..../threads/interrupt.c:353)
0xc0022bd2: intr_entry (threads/intr-stubs.o:?)
In tests/userprog/wait-killed:
0x080480a1: test_main (...userprog/wait-killed.c:10)
0x080480ed: main (...ild/../../tests/main.c:10)
0x0804872d: compare_bytes (...ild/../../tests/lib.c:194)
Translations of user virtual addresses above are based on a guess at
the binary to use.  If this guess is incorrect, then those
translations will be misleading.
pintos -v -k -T 60 --smp 2 --kvm  --filesys-size=2 -p tests/userprog/wait-bad-pid -a wait-bad-pid --swap-size=4 -- -q  -f run wait-bad-pid < /dev/null 2> tests/userprog/wait-bad-pid.errors > tests/userprog/wait-bad-pid.output
perl -I../.. ../../tests/userprog/wait-bad-pid.ck tests/userprog/wait-bad-pid tests/userprog/wait-bad-pid.result
pass tests/userprog/wait-bad-pid
pintos -v -k -T 60 --smp 2 --kvm  --filesys-size=2 -p tests/userprog/multi-recurse -a multi-recurse --swap-size=4 -- -q  -f run 'multi-recurse 15' < /dev/null 2> tests/userprog/multi-recurse.errors > tests/userprog/multi-recurse.output
perl -I../.. ../../tests/userprog/multi-recurse.ck tests/userprog/multi-recurse tests/userprog/multi-recurse.result
FAIL tests/userprog/multi-recurse
run: wait(exec("multi-recurse 14")) returned -1: FAILED
pintos -v -k -T 60 --smp 2 --kvm  --filesys-size=2 -p tests/userprog/multi-child-fd -a multi-child-fd -p ../../tests/userprog/sample.txt -a sample.txt -p tests/userprog/child-close -a child-close --swap-size=4 -- -q  -f run multi-child-fd < /dev/null 2> tests/userprog/multi-child-fd.errors > tests/userprog/multi-child-fd.output
perl -I../.. ../../tests/userprog/multi-child-fd.ck tests/userprog/multi-child-fd tests/userprog/multi-child-fd.result
FAIL tests/userprog/multi-child-fd
Kernel panic in run: PANIC from CPU 0 at ../../userprog/exception.c:106 in kill(): Kernel bug - unexpected interrupt in kernel
Call stack: 0xc00327d2 0xc003288c 0xc0036935 0xc0036f38 0xc00227d4 0xc0022bd2 0xc0035d63 0xc00352b8 0xc0021911 0xc00370aa 0xc00227d4 0xc0022bd2 0x804aac9 0x8048775
Translation of call stack:
In kernel.o:
0xc00327d2: debug_backtrace_with_lock (.../../lib/kernel/debug.c:56)
0xc003288c: debug_panic (...ug.c:90 (discriminator 4))
0xc0036935: kill (.../userprog/exception.c:112)
0xc0036f38: page_fault (....c:339 (discriminator 12))
0xc00227d4: intr_handler (..../threads/interrupt.c:353)
0xc0022bd2: intr_entry (threads/intr-stubs.o:?)
0xc0035d63: find_child (...../userprog/process.c:635)
0xc00352b8: process_exit (...../userprog/process.c:167)
0xc0021911: thread_exit (..../../threads/thread.c:429)
0xc00370aa: syscall_handler (.../../userprog/syscall.c:62)
0xc00227d4: intr_handler (..../threads/interrupt.c:353)
0xc0022bd2: intr_entry (threads/intr-stubs.o:?)
In tests/userprog/multi-child-fd:
0x0804aac9: atomic_xchg (...../../lib/atomic-ops.c:32)
0x08048775: compare_bytes (...ild/../../tests/lib.c:193)
Translations of user virtual addresses above are based on a guess at
the binary to use.  If this guess is incorrect, then those
translations will be misleading.
pintos -v -k -T 60 --smp 2 --kvm  --filesys-size=2 -p tests/userprog/rox-simple -a rox-simple --swap-size=4 -- -q  -f run rox-simple < /dev/null 2> tests/userprog/rox-simple.errors > tests/userprog/rox-simple.output
perl -I../.. ../../tests/userprog/rox-simple.ck tests/userprog/rox-simple tests/userprog/rox-simple.result
pass tests/userprog/rox-simple
pintos -v -k -T 60 --smp 2 --kvm  --filesys-size=2 -p tests/userprog/rox-child -a rox-child -p tests/userprog/child-rox -a child-rox --swap-size=4 -- -q  -f run rox-child < /dev/null 2> tests/userprog/rox-child.errors > tests/userprog/rox-child.output
perl -I../.. ../../tests/userprog/rox-child.ck tests/userprog/rox-child tests/userprog/rox-child.result
FAIL tests/userprog/rox-child
Kernel panic in run: PANIC from CPU 0 at ../../userprog/exception.c:106 in kill(): Kernel bug - unexpected interrupt in kernel
Call stack: 0xc00327d2 0xc003288c 0xc0036935 0xc0036f38 0xc00227d4 0xc0022bd2 0xc0035d63 0xc00352b8 0xc0021911 0xc00370aa 0xc00227d4 0xc0022bd2 0x804ac1b 0x80488c7
Translation of call stack:
In kernel.o:
0xc00327d2: debug_backtrace_with_lock (.../../lib/kernel/debug.c:56)
0xc003288c: debug_panic (...ug.c:90 (discriminator 4))
0xc0036935: kill (.../userprog/exception.c:112)
0xc0036f38: page_fault (....c:339 (discriminator 12))
0xc00227d4: intr_handler (..../threads/interrupt.c:353)
0xc0022bd2: intr_entry (threads/intr-stubs.o:?)
0xc0035d63: find_child (...../userprog/process.c:635)
0xc00352b8: process_exit (...../userprog/process.c:167)
0xc0021911: thread_exit (..../../threads/thread.c:429)
0xc00370aa: syscall_handler (.../../userprog/syscall.c:62)
0xc00227d4: intr_handler (..../threads/interrupt.c:353)
0xc0022bd2: intr_entry (threads/intr-stubs.o:?)
In tests/userprog/rox-child:
0x0804ac1b: atomic_cmpxchg (...../../lib/atomic-ops.c:62)
0x080488c7: random_init (...ild/../../lib/random.c:35)
Translations of user virtual addresses above are based on a guess at
the binary to use.  If this guess is incorrect, then those
translations will be misleading.
pintos -v -k -T 60 --smp 2 --kvm  --filesys-size=2 -p tests/userprog/rox-multichild -a rox-multichild -p tests/userprog/child-rox -a child-rox --swap-size=4 -- -q  -f run rox-multichild < /dev/null 2> tests/userprog/rox-multichild.errors > tests/userprog/rox-multichild.output
perl -I../.. ../../tests/userprog/rox-multichild.ck tests/userprog/rox-multichild tests/userprog/rox-multichild.result
FAIL tests/userprog/rox-multichild
run: wait for child: FAILED
pintos -v -k -T 60 --smp 2 --kvm  --filesys-size=2 -p tests/userprog/bad-read -a bad-read --swap-size=4 -- -q  -f run bad-read < /dev/null 2> tests/userprog/bad-read.errors > tests/userprog/bad-read.output
perl -I../.. ../../tests/userprog/bad-read.ck tests/userprog/bad-read tests/userprog/bad-read.result
pass tests/userprog/bad-read
pintos -v -k -T 60 --smp 2 --kvm  --filesys-size=2 -p tests/userprog/bad-write -a bad-write --swap-size=4 -- -q  -f run bad-write < /dev/null 2> tests/userprog/bad-write.errors > tests/userprog/bad-write.output
perl -I../.. ../../tests/userprog/bad-write.ck tests/userprog/bad-write tests/userprog/bad-write.result
pass tests/userprog/bad-write
pintos -v -k -T 60 --smp 2 --kvm  --filesys-size=2 -p tests/userprog/bad-read2 -a bad-read2 --swap-size=4 -- -q  -f run bad-read2 < /dev/null 2> tests/userprog/bad-read2.errors > tests/userprog/bad-read2.output
perl -I../.. ../../tests/userprog/bad-read2.ck tests/userprog/bad-read2 tests/userprog/bad-read2.result
pass tests/userprog/bad-read2
pintos -v -k -T 60 --smp 2 --kvm  --filesys-size=2 -p tests/userprog/bad-write2 -a bad-write2 --swap-size=4 -- -q  -f run bad-write2 < /dev/null 2> tests/userprog/bad-write2.errors > tests/userprog/bad-write2.output
perl -I../.. ../../tests/userprog/bad-write2.ck tests/userprog/bad-write2 tests/userprog/bad-write2.result
pass tests/userprog/bad-write2
pintos -v -k -T 60 --smp 2 --kvm  --filesys-size=2 -p tests/userprog/bad-jump -a bad-jump --swap-size=4 -- -q  -f run bad-jump < /dev/null 2> tests/userprog/bad-jump.errors > tests/userprog/bad-jump.output
perl -I../.. ../../tests/userprog/bad-jump.ck tests/userprog/bad-jump tests/userprog/bad-jump.result
pass tests/userprog/bad-jump
pintos -v -k -T 60 --smp 2 --kvm  --filesys-size=2 -p tests/userprog/bad-jump2 -a bad-jump2 --swap-size=4 -- -q  -f run bad-jump2 < /dev/null 2> tests/userprog/bad-jump2.errors > tests/userprog/bad-jump2.output
perl -I../.. ../../tests/userprog/bad-jump2.ck tests/userprog/bad-jump2 tests/userprog/bad-jump2.result
pass tests/userprog/bad-jump2
pintos -v -k -T 60 --smp 2 --kvm  --filesys-size=2 -p tests/userprog/fd-management -a fd-management --swap-size=4 -- -q  -f run fd-management < /dev/null 2> tests/userprog/fd-management.errors > tests/userprog/fd-management.output
perl -I../.. ../../tests/userprog/fd-management.ck tests/userprog/fd-management tests/userprog/fd-management.result
pass tests/userprog/fd-management
pintos -v -k -T 60 --smp 2 --kvm  --filesys-size=2 -p tests/vm/pt-grow-stack -a pt-grow-stack --swap-size=4 -- -q  -f run pt-grow-stack < /dev/null 2> tests/vm/pt-grow-stack.errors > tests/vm/pt-grow-stack.output
perl -I../.. ../../tests/vm/pt-grow-stack.ck tests/vm/pt-grow-stack tests/vm/pt-grow-stack.result
FAIL tests/vm/pt-grow-stack
Kernel panic in run: PANIC from CPU 1 at ../../userprog/exception.c:106 in kill(): Kernel bug - unexpected interrupt in kernel
Call stack: 0xc00327d2 0xc003288c 0xc0036935 0xc0036f38 0xc00227d4 0xc0022bd2 0xc00305fc 0xc0034d72 0xc0030175 0xc00369f8 0xc00227d4 0xc0022bd2 0x80480a0 0x80489b8 0x80489e9
Translation of call stack:
In kernel.o:
0xc00327d2: debug_backtrace_with_lock (.../../lib/kernel/debug.c:56)
0xc003288c: debug_panic (...ug.c:90 (discriminator 4))
0xc0036935: kill (.../userprog/exception.c:112)
0xc0036f38: page_fault (....c:339 (discriminator 12))
0xc00227d4: intr_handler (..../threads/interrupt.c:353)
0xc0022bd2: intr_entry (threads/intr-stubs.o:?)
0xc00305fc: __vprintf (...o.c:160 (discriminator 1))
0xc0034d72: vprintf (.../lib/kernel/console.c:165)
0xc0030175: printf (...uild/../../lib/stdio.c:85)
0xc00369f8: page_fault (.../userprog/exception.c:168)
0xc00227d4: intr_handler (..../threads/interrupt.c:353)
0xc0022bd2: intr_entry (threads/intr-stubs.o:?)
In tests/vm/pt-grow-stack:
0x080480a0: test_main (...sts/vm/pt-grow-stack.c:16)
0x080489b8: main (...ild/../../tests/main.c:13)
0x080489e9: _start (.../../../lib/user/entry.c:9)
Translations of user virtual addresses above are based on a guess at
the binary to use.  If this guess is incorrect, then those
translations will be misleading.
pintos -v -k -T 60 --smp 2 --kvm  --filesys-size=2 -p tests/vm/pt-grow-pusha -a pt-grow-pusha --swap-size=4 -- -q  -f run pt-grow-pusha < /dev/null 2> tests/vm/pt-grow-pusha.errors > tests/vm/pt-grow-pusha.output
perl -I../.. ../../tests/vm/pt-grow-pusha.ck tests/vm/pt-grow-pusha tests/vm/pt-grow-pusha.result
FAIL tests/vm/pt-grow-pusha
Kernel panic in run: PANIC from CPU 1 at ../../userprog/exception.c:106 in kill(): Kernel bug - unexpected interrupt in kernel
Call stack: 0xc00327d2 0xc003288c 0xc0036935 0xc0036f38 0xc00227d4 0xc0022bd2 0xc0036ae9 0xc00227d4 0xc0022bd2 0x804809f 0x80486f3 0x8048724
Translation of call stack:
In kernel.o:
0xc00327d2: debug_backtrace_with_lock (.../../lib/kernel/debug.c:56)
0xc003288c: debug_panic (...ug.c:90 (discriminator 4))
0xc0036935: kill (.../userprog/exception.c:112)
0xc0036f38: page_fault (....c:339 (discriminator 12))
0xc00227d4: intr_handler (..../threads/interrupt.c:353)
0xc0022bd2: intr_entry (threads/intr-stubs.o:?)
0xc0036ae9: page_fault (.../userprog/exception.c:196)
0xc00227d4: intr_handler (..../threads/interrupt.c:353)
0xc0022bd2: intr_entry (threads/intr-stubs.o:?)
In tests/vm/pt-grow-pusha:
0x0804809f: test_main (...sts/vm/pt-grow-pusha.c:14)
0x080486f3: main (...ild/../../tests/main.c:13)
0x08048724: _start (.../../../lib/user/entry.c:9)
Translations of user virtual addresses above are based on a guess at
the binary to use.  If this guess is incorrect, then those
translations will be misleading.
pintos -v -k -T 60 --smp 2 --kvm  --filesys-size=2 -p tests/vm/pt-grow-bad -a pt-grow-bad --swap-size=4 -- -q  -f run pt-grow-bad < /dev/null 2> tests/vm/pt-grow-bad.errors > tests/vm/pt-grow-bad.output
perl -I../.. ../../tests/vm/pt-grow-bad.ck tests/vm/pt-grow-bad tests/vm/pt-grow-bad.result
FAIL tests/vm/pt-grow-bad
Test output failed to match any acceptable form.

Acceptable output:
  (pt-grow-bad) begin
  pt-grow-bad: exit(-1)
Differences in `diff -u' format:
  (pt-grow-bad) begin
+ ¸ÿÿ¿ï†Page fault at 0xbfffefa8: not present error writing page in user context.
  pt-grow-bad: exit(-1)

(User fault messages are excluded for matching purposes.)
pintos -v -k -T 60 --smp 2 --kvm  --filesys-size=2 -p tests/vm/pt-big-stk-obj -a pt-big-stk-obj --swap-size=4 -- -q  -f run pt-big-stk-obj < /dev/null 2> tests/vm/pt-big-stk-obj.errors > tests/vm/pt-big-stk-obj.output
perl -I../.. ../../tests/vm/pt-big-stk-obj.ck tests/vm/pt-big-stk-obj tests/vm/pt-big-stk-obj.result
FAIL tests/vm/pt-big-stk-obj
Kernel panic in run: PANIC from CPU 1 at ../../userprog/exception.c:106 in kill(): Kernel bug - unexpected interrupt in kernel
Call stack: 0xc00327d2 0xc003288c 0xc0036935 0xc0036f38 0xc00227d4 0xc0022bd2 0xc00305fc 0xc0034d72 0xc0030175 0xc00369f8 0xc00227d4 0xc0022bd2 0x80480a0 0x80489b8 0x80489e9
Translation of call stack:
In kernel.o:
0xc00327d2: debug_backtrace_with_lock (.../../lib/kernel/debug.c:56)
0xc003288c: debug_panic (...ug.c:90 (discriminator 4))
0xc0036935: kill (.../userprog/exception.c:112)
0xc0036f38: page_fault (....c:339 (discriminator 12))
0xc00227d4: intr_handler (..../threads/interrupt.c:353)
0xc0022bd2: intr_entry (threads/intr-stubs.o:?)
0xc00305fc: __vprintf (...o.c:160 (discriminator 1))
0xc0034d72: vprintf (.../lib/kernel/console.c:165)
0xc0030175: printf (...uild/../../lib/stdio.c:85)
0xc00369f8: page_fault (.../userprog/exception.c:168)
0xc00227d4: intr_handler (..../threads/interrupt.c:353)
0xc0022bd2: intr_entry (threads/intr-stubs.o:?)
In tests/vm/pt-big-stk-obj:
0x080480a0: test_main (...ts/vm/pt-big-stk-obj.c:16)
0x080489b8: main (...ild/../../tests/main.c:13)
0x080489e9: _start (.../../../lib/user/entry.c:9)
Translations of user virtual addresses above are based on a guess at
the binary to use.  If this guess is incorrect, then those
translations will be misleading.
pintos -v -k -T 60 --smp 2 --kvm  --filesys-size=2 -p tests/vm/pt-bad-addr -a pt-bad-addr --swap-size=4 -- -q  -f run pt-bad-addr < /dev/null 2> tests/vm/pt-bad-addr.errors > tests/vm/pt-bad-addr.output
perl -I../.. ../../tests/vm/pt-bad-addr.ck tests/vm/pt-bad-addr tests/vm/pt-bad-addr.result
pass tests/vm/pt-bad-addr
pintos -v -k -T 60 --smp 2 --kvm  --filesys-size=2 -p tests/vm/pt-bad-read -a pt-bad-read -p ../../tests/vm/sample.txt -a sample.txt --swap-size=4 -- -q  -f run pt-bad-read < /dev/null 2> tests/vm/pt-bad-read.errors > tests/vm/pt-bad-read.output
perl -I../.. ../../tests/vm/pt-bad-read.ck tests/vm/pt-bad-read tests/vm/pt-bad-read.result
pass tests/vm/pt-bad-read
pintos -v -k -T 60 --smp 2 --kvm  --filesys-size=2 -p tests/vm/pt-write-code -a pt-write-code --swap-size=4 -- -q  -f run pt-write-code < /dev/null 2> tests/vm/pt-write-code.errors > tests/vm/pt-write-code.output
perl -I../.. ../../tests/vm/pt-write-code.ck tests/vm/pt-write-code tests/vm/pt-write-code.result
pass tests/vm/pt-write-code
pintos -v -k -T 60 --smp 2 --kvm  --filesys-size=2 -p tests/vm/pt-write-code2 -a pt-write-code2 -p ../../tests/vm/sample.txt -a sample.txt --swap-size=4 -- -q  -f run pt-write-code2 < /dev/null 2> tests/vm/pt-write-code2.errors > tests/vm/pt-write-code2.output
perl -I../.. ../../tests/vm/pt-write-code2.ck tests/vm/pt-write-code2 tests/vm/pt-write-code2.result
FAIL tests/vm/pt-write-code2
Kernel panic in run: PANIC from CPU 1 at ../../userprog/exception.c:106 in kill(): Kernel bug - unexpected interrupt in kernel
Call stack: 0xc00327d2 0xc003288c 0xc0036935 0xc0036f38 0xc00227d4 0xc0022bd2 0xc003146a 0xc0038f81 0xc003843b 0xc0037785 0xc003727d 0xc00227d4 0xc0022bd2 0x804a736 0x80480e2 0x8048740 0x8048771
Translation of call stack:
In kernel.o:
0xc00327d2: debug_backtrace_with_lock (.../../lib/kernel/debug.c:56)
0xc003288c: debug_panic (...ug.c:90 (discriminator 4))
0xc0036935: kill (.../userprog/exception.c:112)
0xc0036f38: page_fault (....c:339 (discriminator 12))
0xc00227d4: intr_handler (..../threads/interrupt.c:353)
0xc0022bd2: intr_entry (threads/intr-stubs.o:?)
0xc003146a: memcpy (...ild/../../lib/string.c:18)
0xc0038f81: inode_read_at (...../../filesys/inode.c:239)
0xc003843b: file_read (...d/../../filesys/file.c:71)
0xc0037785: read (...../userprog/syscall.c:322)
0xc003727d: syscall_handler (...../userprog/syscall.c:110)
0xc00227d4: intr_handler (..../threads/interrupt.c:353)
0xc0022bd2: intr_entry (threads/intr-stubs.o:?)
In tests/vm/pt-write-code2:
0x0804a736: read (...../lib/user/syscall.c:117)
0x080480e2: test_main (...s/vm/pt-write-code-2.c:13)
0x08048740: main (...ild/../../tests/main.c:13)
0x08048771: _start (.../../../lib/user/entry.c:9)
Translations of user virtual addresses above are based on a guess at
the binary to use.  If this guess is incorrect, then those
translations will be misleading.
pintos -v -k -T 60 --smp 2 --kvm  --filesys-size=2 -p tests/vm/pt-grow-stk-sc -a pt-grow-stk-sc --swap-size=4 -- -q  -f run pt-grow-stk-sc < /dev/null 2> tests/vm/pt-grow-stk-sc.errors > tests/vm/pt-grow-stk-sc.output
perl -I../.. ../../tests/vm/pt-grow-stk-sc.ck tests/vm/pt-grow-stk-sc tests/vm/pt-grow-stk-sc.result
FAIL tests/vm/pt-grow-stk-sc
Kernel panic in run: PANIC from CPU 1 at ../../userprog/exception.c:106 in kill(): Kernel bug - unexpected interrupt in kernel
Call stack: 0xc00327d2 0xc003288c 0xc0036935 0xc0036f38 0xc00227d4 0xc0022bd2 0xc00305fc 0xc0034d72 0xc0030175 0xc00369f8 0xc00227d4 0xc0022bd2 0x80480a0 0x804887b 0x80488ac
Translation of call stack:
In kernel.o:
0xc00327d2: debug_backtrace_with_lock (.../../lib/kernel/debug.c:56)
0xc003288c: debug_panic (...ug.c:90 (discriminator 4))
0xc0036935: kill (.../userprog/exception.c:112)
0xc0036f38: page_fault (....c:339 (discriminator 12))
0xc00227d4: intr_handler (..../threads/interrupt.c:353)
0xc0022bd2: intr_entry (threads/intr-stubs.o:?)
0xc00305fc: __vprintf (...o.c:160 (discriminator 1))
0xc0034d72: vprintf (.../lib/kernel/console.c:165)
0xc0030175: printf (...uild/../../lib/stdio.c:85)
0xc00369f8: page_fault (.../userprog/exception.c:168)
0xc00227d4: intr_handler (..../threads/interrupt.c:353)
0xc0022bd2: intr_entry (threads/intr-stubs.o:?)
In tests/vm/pt-grow-stk-sc:
0x080480a0: test_main (...ts/vm/pt-grow-stk-sc.c:17)
0x0804887b: main (...ild/../../tests/main.c:13)
0x080488ac: _start (.../../../lib/user/entry.c:9)
Translations of user virtual addresses above are based on a guess at
the binary to use.  If this guess is incorrect, then those
translations will be misleading.
pintos -v -k -T 60 --smp 2 --kvm  --filesys-size=2 -p tests/vm/page-linear -a page-linear --swap-size=4 -- -q  -f run page-linear < /dev/null 2> tests/vm/page-linear.errors > tests/vm/page-linear.output
perl -I../.. ../../tests/vm/page-linear.ck tests/vm/page-linear tests/vm/page-linear.result
FAIL tests/vm/page-linear
Kernel panic in run: PANIC from CPU 1 at ../../userprog/exception.c:106 in kill(): Kernel bug - unexpected interrupt in kernel
Call stack: 0xc00327d2 0xc003288c 0xc0036935 0xc0036f38 0xc00227d4 0xc0022bd2 0xc0039ce7 0xc0039b69 0xc0036baf 0xc00227d4 0xc0022bd2 0x804a144 0x80480c1 0x80489eb 0x8048a1c
Translation of call stack:
In kernel.o:
0xc00327d2: debug_backtrace_with_lock (.../../lib/kernel/debug.c:56)
0xc003288c: debug_panic (...ug.c:90 (discriminator 4))
0xc0036935: kill (.../userprog/exception.c:112)
0xc0036f38: page_fault (....c:339 (discriminator 12))
0xc00227d4: intr_handler (..../threads/interrupt.c:353)
0xc0022bd2: intr_entry (threads/intr-stubs.o:?)
0xc0039ce7: evict (...uild/../../vm/frame.c:137)
0xc0039b69: find_frame (...build/../../vm/frame.c:63)
0xc0036baf: page_fault (.../userprog/exception.c:223)
0xc00227d4: intr_handler (..../threads/interrupt.c:353)
0xc0022bd2: intr_entry (threads/intr-stubs.o:?)
In tests/vm/page-linear:
0x0804a144: memset (...ld/../../lib/string.c:288)
0x080480c1: test_main (...tests/vm/page-linear.c:21)
0x080489eb: main (...ild/../../tests/main.c:13)
0x08048a1c: _start (.../../../lib/user/entry.c:9)
Translations of user virtual addresses above are based on a guess at
the binary to use.  If this guess is incorrect, then those
translations will be misleading.
pintos -v -k -T 60 --smp 2 --kvm  --filesys-size=2 -p tests/vm/page-parallel -a page-parallel -p tests/vm/child-linear -a child-linear --swap-size=4 -- -q  -f run page-parallel < /dev/null 2> tests/vm/page-parallel.errors > tests/vm/page-parallel.output
perl -I../.. ../../tests/vm/page-parallel.ck tests/vm/page-parallel tests/vm/page-parallel.result
FAIL tests/vm/page-parallel
Kernel panic in run: PANIC from CPU 1 at ../../userprog/exception.c:106 in kill(): Kernel PANIC recursion at ../../devices/serial.c:232 in putc_poll().
Call stack: 0xc00327d2
Translation of call stack:
0xc00327d2: debug_backtrace_with_lock (.../../lib/kernel/debug.c:56)
pintos -v -k -T 60 --smp 8 --kvm  --filesys-size=2 -p tests/vm/page-merge-seq -a page-merge-seq -p tests/vm/child-sort -a child-sort --swap-size=4 -- -q  -f run page-merge-seq < /dev/null 2> tests/vm/page-merge-seq.errors > tests/vm/page-merge-seq.output
perl -I../.. ../../tests/vm/page-merge-seq.ck tests/vm/page-merge-seq tests/vm/page-merge-seq.result
FAIL tests/vm/page-merge-seq
Kernel panic in run: PANIC from CPU 0 at ../../devices/serial.c:232 in putc_poll(): Lock last acquired by: assertion `intr_get_level () == INTR_OFF' failed.Thread 'child-sort buff' from CPU2
Call stack: 0xc00327d2 0xc0023e3d 0xc003288c 0xc0028e3c 0xc0027a3d 0xc0027d66 0xc00277d6 0xc0028534 0xc0034ec2 0xc0027d66 0xc0034e5d 0xc0038f28 0xc00301ad 0xc003843b 0xc0034d72 0xc0037785 0xc0030175 0xc003727d 0xc0020cf0 0xc00227d4 0xc0020dbc 0xc0022bd2 0xc0020506 0x804a7c6
Translation of call stack:
In kernel.o:
0xc00327d2: debug_backtrace_with_lock (.../../lib/kernel/debug.c:56)
0xc0023e3d: lock_acquire (...../../threads/synch.c:207)
0xc003288c: debug_panic (...ug.c:90 (discriminator 4))
0xc0028e3c: ide_read (...d/../../devices/ide.c:355)
0xc0027a3d: putc_poll (..../../devices/serial.c:235)
0xc0027d66: block_read (...../../devices/block.c:126)
0xc00277d6: serial_putc (..../../devices/serial.c:134)
0xc0028534: partition_read (..../devices/partition.c:307)
0xc0034ec2: putchar_have_lock (.../lib/kernel/console.c:223)
0xc0027d66: block_read (...../../devices/block.c:126)
0xc0034e5d: vprintf_helper (.../lib/kernel/console.c:212)
0xc0038f28: inode_read_at (...../../filesys/inode.c:226)
0xc00301ad: __vprintf (...o.c:167 (discriminator 1))
0xc003843b: file_read (...d/../../filesys/file.c:71)
0xc0034d72: vprintf (.../lib/kernel/console.c:165)
0xc0037785: read (...../userprog/syscall.c:322)
0xc0030175: printf (...uild/../../lib/stdio.c:85)
0xc003727d: syscall_handler (...../userprog/syscall.c:110)
0xc0020cf0: run_task (.../../../threads/init.c:474)
0xc00227d4: intr_handler (..../threads/interrupt.c:353)
0xc0020dbc: run_actions (.../../../threads/init.c:522)
0xc0022bd2: intr_entry (threads/intr-stubs.o:?)
0xc0020506: main (.../../../threads/init.c:171)
In tests/vm/page-merge-seq:
0x0804a7c6: udiv64 (..../../lib/arithmetic.c:124)
Translations of user virtual addresses above are based on a guess at
the binary to use.  If this guess is incorrect, then those
translations will be misleading.
pintos -v -k -T 60 --smp 8 --kvm  --filesys-size=2 -p tests/vm/page-merge-par -a page-merge-par -p tests/vm/child-sort -a child-sort --swap-size=4 -- -q  -f run page-merge-par < /dev/null 2> tests/vm/page-merge-par.errors > tests/vm/page-merge-par.output
perl -I../.. ../../tests/vm/page-merge-par.ck tests/vm/page-merge-par tests/vm/page-merge-par.result
FAIL tests/vm/page-merge-par
Kernel panic in run: PANIC from CPU 2 at ../../threads/synch.c:363 in panic_on_already_acquired_lock(): acquire
Call stack: 0xc0023e3d 0xc0028e3c 0xc0027d66 0xc0028534 0xc0027d66 0xc0038f28 0xc003843b 0xc0037785 0xc003727d 0xc00227d4 0xc0022bd2 0x804a7c6
Translation of call stack:
In kernel.o:
0xc0023e3d: lock_acquire (...../../threads/synch.c:207)
0xc0028e3c: ide_read (...d/../../devices/ide.c:355)
0xc0027d66: block_read (...../../devices/block.c:126)
0xc0028534: partition_read (..../devices/partition.c:307)
0xc0027d66: block_read (...../../devices/block.c:126)
0xc0038f28: inode_read_at (...../../filesys/inode.c:226)
0xc003843b: file_read (...d/../../filesys/file.c:71)
0xc0037785: read (...../userprog/syscall.c:322)
0xc003727d: syscall_handler (...../userprog/syscall.c:110)
0xc00227d4: intr_handler (..../threads/interrupt.c:353)
0xc0022bd2: intr_entry (threads/intr-stubs.o:?)
In tests/vm/page-merge-par:
0x0804a7c6: udiv64 (..../../lib/arithmetic.c:112)
Translations of user virtual addresses above are based on a guess at
the binary to use.  If this guess is incorrect, then those
translations will be misleading.
pintos -v -k -T 60 --smp 8 --kvm  --filesys-size=2 -p tests/vm/page-merge-stk -a page-merge-stk -p tests/vm/child-qsort -a child-qsort --swap-size=4 -- -q  -f run page-merge-stk < /dev/null 2> tests/vm/page-merge-stk.errors > tests/vm/page-merge-stk.output
perl -I../.. ../../tests/vm/page-merge-stk.ck tests/vm/page-merge-stk tests/vm/page-merge-stk.result
FAIL tests/vm/page-merge-stk
Kernel panic in run: PANIC from CPU 2 at ../../userprog/exception.c:106 in kill(): Kernel bug - unexpected interrupt in kernel
Call stack: 0xc00327d2 0xc003288c 0xc0036935 0xc0036f38 0xc00227d4 0xc0022bd2 0xc00305fc 0xc0034d72 0xc0030175 0xc00369f8 0xc00227d4 0xc0022bd2 0x80480c7 0x8048a69
Translation of call stack:
In kernel.o:
0xc00327d2: debug_backtrace_with_lock (.../../lib/kernel/debug.c:56)
0xc003288c: debug_panic (...ug.c:90 (discriminator 4))
0xc0036935: kill (.../userprog/exception.c:112)
0xc0036f38: page_fault (....c:339 (discriminator 12))
0xc00227d4: intr_handler (..../threads/interrupt.c:353)
0xc0022bd2: intr_entry (threads/intr-stubs.o:?)
0xc00305fc: __vprintf (...o.c:160 (discriminator 1))
0xc0034d72: vprintf (.../lib/kernel/console.c:165)
0xc0030175: printf (...uild/../../lib/stdio.c:85)
0xc00369f8: page_fault (.../userprog/exception.c:168)
0xc00227d4: intr_handler (..../threads/interrupt.c:353)
0xc0022bd2: intr_entry (threads/intr-stubs.o:?)
In tests/vm/page-merge-stk:
0x080480c7: init (...ts/vm/parallel-merge.c:28)
0x08048a69: check_file_handle (...ild/../../tests/lib.c:129)
Translations of user virtual addresses above are based on a guess at
the binary to use.  If this guess is incorrect, then those
translations will be misleading.
pintos -v -k -T 60 --smp 8 --kvm  --filesys-size=2 -p tests/vm/page-merge-mm -a page-merge-mm -p tests/vm/child-qsort-mm -a child-qsort-mm --swap-size=4 -- -q  -f run page-merge-mm < /dev/null 2> tests/vm/page-merge-mm.errors > tests/vm/page-merge-mm.output
perl -I../.. ../../tests/vm/page-merge-mm.ck tests/vm/page-merge-mm tests/vm/page-merge-mm.result
FAIL tests/vm/page-merge-mm
Kernel panic in run: PANIC from CPU 5 at ../../userprog/exception.c:106 in kill(): Kernel bug - unexpected interrupt in kernel
Call stack: 0xc00327d2 0xc003288c 0xc0036935 0xc0036f38 0xc00227d4 0xc0022bd2 0xc0039ce7 0xc0039b69 0xc0036baf 0xc00227d4 0xc0022bd2 0x804830c 0x80483cd 0x8048161 0x8048a5b
Translation of call stack:
In kernel.o:
0xc00327d2: debug_backtrace_with_lock (.../../lib/kernel/debug.c:56)
0xc003288c: debug_panic (...ug.c:90 (discriminator 4))
0xc0036935: kill (.../userprog/exception.c:112)
0xc0036f38: page_fault (....c:339 (discriminator 12))
0xc00227d4: intr_handler (..../threads/interrupt.c:353)
0xc0022bd2: intr_entry (threads/intr-stubs.o:?)
0xc0039ce7: evict (...uild/../../vm/frame.c:137)
0xc0039b69: find_frame (...build/../../vm/frame.c:63)
0xc0036baf: page_fault (.../userprog/exception.c:223)
0xc00227d4: intr_handler (..../threads/interrupt.c:353)
0xc0022bd2: intr_entry (threads/intr-stubs.o:?)
In tests/vm/page-merge-mm:
0x0804830c: sort_chunks (...ts/vm/parallel-merge.c:76)
0x080483cd: merge (...ge.c:96 (discriminator 1))
0x08048161: sort_chunks (...ts/vm/parallel-merge.c:53)
0x08048a5b: check_file_handle (...ild/../../tests/lib.c:120)
Translations of user virtual addresses above are based on a guess at
the binary to use.  If this guess is incorrect, then those
translations will be misleading.
pintos -v -k -T 60 --smp 2 --kvm  --filesys-size=2 -p tests/vm/page-shuffle -a page-shuffle --swap-size=4 -- -q  -f run page-shuffle < /dev/null 2> tests/vm/page-shuffle.errors > tests/vm/page-shuffle.output
perl -I../.. ../../tests/vm/page-shuffle.ck tests/vm/page-shuffle tests/vm/page-shuffle.result
pass tests/vm/page-shuffle
pintos -v -k -T 60 --smp 2 --kvm  --filesys-size=2 -p tests/vm/mmap-read -a mmap-read -p ../../tests/vm/sample.txt -a sample.txt --swap-size=4 -- -q  -f run mmap-read < /dev/null 2> tests/vm/mmap-read.errors > tests/vm/mmap-read.output
perl -I../.. ../../tests/vm/mmap-read.ck tests/vm/mmap-read tests/vm/mmap-read.result
pass tests/vm/mmap-read
pintos -v -k -T 60 --smp 2 --kvm  --filesys-size=2 -p tests/vm/mmap-close -a mmap-close -p ../../tests/vm/sample.txt -a sample.txt --swap-size=4 -- -q  -f run mmap-close < /dev/null 2> tests/vm/mmap-close.errors > tests/vm/mmap-close.output
perl -I../.. ../../tests/vm/mmap-close.ck tests/vm/mmap-close tests/vm/mmap-close.result
pass tests/vm/mmap-close
pintos -v -k -T 60 --smp 2 --kvm  --filesys-size=2 -p tests/vm/mmap-unmap -a mmap-unmap -p ../../tests/vm/sample.txt -a sample.txt --swap-size=4 -- -q  -f run mmap-unmap < /dev/null 2> tests/vm/mmap-unmap.errors > tests/vm/mmap-unmap.output
perl -I../.. ../../tests/vm/mmap-unmap.ck tests/vm/mmap-unmap tests/vm/mmap-unmap.result
pass tests/vm/mmap-unmap
dd if=/dev/zero of=tests/vm/zeros bs=1024 count=6
pintos -v -k -T 60 --smp 2 --kvm  --filesys-size=2 -p tests/vm/mmap-overlap -a mmap-overlap -p tests/vm/zeros -a zeros --swap-size=4 -- -q  -f run mmap-overlap < /dev/null 2> tests/vm/mmap-overlap.errors > tests/vm/mmap-overlap.output
perl -I../.. ../../tests/vm/mmap-overlap.ck tests/vm/mmap-overlap tests/vm/mmap-overlap.result
pass tests/vm/mmap-overlap
pintos -v -k -T 60 --smp 2 --kvm  --filesys-size=2 -p tests/vm/mmap-twice -a mmap-twice -p ../../tests/vm/sample.txt -a sample.txt --swap-size=4 -- -q  -f run mmap-twice < /dev/null 2> tests/vm/mmap-twice.errors > tests/vm/mmap-twice.output
perl -I../.. ../../tests/vm/mmap-twice.ck tests/vm/mmap-twice tests/vm/mmap-twice.result
pass tests/vm/mmap-twice
pintos -v -k -T 60 --smp 2 --kvm  --filesys-size=2 -p tests/vm/mmap-write -a mmap-write --swap-size=4 -- -q  -f run mmap-write < /dev/null 2> tests/vm/mmap-write.errors > tests/vm/mmap-write.output
perl -I../.. ../../tests/vm/mmap-write.ck tests/vm/mmap-write tests/vm/mmap-write.result
pass tests/vm/mmap-write
pintos -v -k -T 60 --smp 2 --kvm  --filesys-size=2 -p tests/vm/mmap-exit -a mmap-exit -p tests/vm/child-mm-wrt -a child-mm-wrt --swap-size=4 -- -q  -f run mmap-exit < /dev/null 2> tests/vm/mmap-exit.errors > tests/vm/mmap-exit.output
perl -I../.. ../../tests/vm/mmap-exit.ck tests/vm/mmap-exit tests/vm/mmap-exit.result
FAIL tests/vm/mmap-exit
Kernel panic in run: PANIC from CPU 0 at ../../userprog/exception.c:106 in kill(): Kernel bug - unexpected interrupt in kernel
Call stack: 0xc00327d2 0xc003288c 0xc0036935 0xc0036f38 0xc00227d4 0xc0022bd2 0xc0035d63 0xc00352b8 0xc0021911 0xc00370aa 0xc00227d4 0xc0022bd2 0x804a6ce 0x8048284 0x80480d3 0x80487a9 0x80487da
Translation of call stack:
In kernel.o:
0xc00327d2: debug_backtrace_with_lock (.../../lib/kernel/debug.c:56)
0xc003288c: debug_panic (...ug.c:90 (discriminator 4))
0xc0036935: kill (.../userprog/exception.c:112)
0xc0036f38: page_fault (....c:339 (discriminator 12))
0xc00227d4: intr_handler (..../threads/interrupt.c:353)
0xc0022bd2: intr_entry (threads/intr-stubs.o:?)
0xc0035d63: find_child (...../userprog/process.c:635)
0xc00352b8: process_exit (...../userprog/process.c:167)
0xc0021911: thread_exit (..../../threads/thread.c:429)
0xc00370aa: syscall_handler (.../../userprog/syscall.c:62)
0xc00227d4: intr_handler (..../threads/interrupt.c:353)
0xc0022bd2: intr_entry (threads/intr-stubs.o:?)
In tests/vm/mmap-exit:
0x0804a6ce: exec (.../../lib/user/syscall.c:81)
0x08048284: swap (...ib.c:61 (discriminator 3))
0x080480d3: test_main (...it.c:16 (discriminator 1))
0x080487a9: _start (.../../../lib/user/entry.c:9)
0x080487da: swap_byte (...ild/../../lib/random.c:30)
Translations of user virtual addresses above are based on a guess at
the binary to use.  If this guess is incorrect, then those
translations will be misleading.
pintos -v -k -T 60 --smp 2 --kvm  --filesys-size=2 -p tests/vm/mmap-shuffle -a mmap-shuffle --swap-size=4 -- -q  -f run mmap-shuffle < /dev/null 2> tests/vm/mmap-shuffle.errors > tests/vm/mmap-shuffle.output
perl -I../.. ../../tests/vm/mmap-shuffle.ck tests/vm/mmap-shuffle tests/vm/mmap-shuffle.result
pass tests/vm/mmap-shuffle
pintos -v -k -T 60 --smp 2 --kvm  --filesys-size=2 -p tests/vm/mmap-bad-fd -a mmap-bad-fd --swap-size=4 -- -q  -f run mmap-bad-fd < /dev/null 2> tests/vm/mmap-bad-fd.errors > tests/vm/mmap-bad-fd.output
perl -I../.. ../../tests/vm/mmap-bad-fd.ck tests/vm/mmap-bad-fd tests/vm/mmap-bad-fd.result
pass tests/vm/mmap-bad-fd
pintos -v -k -T 60 --smp 2 --kvm  --filesys-size=2 -p tests/vm/mmap-clean -a mmap-clean -p ../../tests/vm/sample.txt -a sample.txt --swap-size=4 -- -q  -f run mmap-clean < /dev/null 2> tests/vm/mmap-clean.errors > tests/vm/mmap-clean.output
perl -I../.. ../../tests/vm/mmap-clean.ck tests/vm/mmap-clean tests/vm/mmap-clean.result
pass tests/vm/mmap-clean
pintos -v -k -T 60 --smp 2 --kvm  --filesys-size=2 -p tests/vm/mmap-inherit -a mmap-inherit -p ../../tests/vm/sample.txt -a sample.txt -p tests/vm/child-inherit -a child-inherit --swap-size=4 -- -q  -f run mmap-inherit < /dev/null 2> tests/vm/mmap-inherit.errors > tests/vm/mmap-inherit.output
perl -I../.. ../../tests/vm/mmap-inherit.ck tests/vm/mmap-inherit tests/vm/mmap-inherit.result
FAIL tests/vm/mmap-inherit
Test output failed to match any acceptable form.

Acceptable output:
  (mmap-inherit) begin
  (mmap-inherit) open "sample.txt"
  (mmap-inherit) mmap "sample.txt"
  (mmap-inherit) exec "child-inherit"
  (child-inherit) begin
  child-inherit: exit(-1)
  (mmap-inherit) checking that mmap'd file still has same data
  (mmap-inherit) end
  mmap-inherit: exit(0)
Differences in `diff -u' format:
  (mmap-inherit) begin
  (mmap-inherit) open "sample.txt"
  (mmap-inherit) mmap "sample.txt"
  (mmap-inherit) exec "child-inherit"
- (child-inherit) begin
- child-inherit: exit(-1)
  (mmap-inherit) checking that mmap'd file still has same data
  (mmap-inherit) end
  mmap-inherit: exit(0)

(User fault messages are excluded for matching purposes.)
pintos -v -k -T 60 --smp 2 --kvm  --filesys-size=2 -p tests/vm/mmap-misalign -a mmap-misalign -p ../../tests/vm/sample.txt -a sample.txt --swap-size=4 -- -q  -f run mmap-misalign < /dev/null 2> tests/vm/mmap-misalign.errors > tests/vm/mmap-misalign.output
perl -I../.. ../../tests/vm/mmap-misalign.ck tests/vm/mmap-misalign tests/vm/mmap-misalign.result
pass tests/vm/mmap-misalign
pintos -v -k -T 60 --smp 2 --kvm  --filesys-size=2 -p tests/vm/mmap-null -a mmap-null -p ../../tests/vm/sample.txt -a sample.txt --swap-size=4 -- -q  -f run mmap-null < /dev/null 2> tests/vm/mmap-null.errors > tests/vm/mmap-null.output
perl -I../.. ../../tests/vm/mmap-null.ck tests/vm/mmap-null tests/vm/mmap-null.result
pass tests/vm/mmap-null
pintos -v -k -T 60 --smp 2 --kvm  --filesys-size=2 -p tests/vm/mmap-over-code -a mmap-over-code -p ../../tests/vm/sample.txt -a sample.txt --swap-size=4 -- -q  -f run mmap-over-code < /dev/null 2> tests/vm/mmap-over-code.errors > tests/vm/mmap-over-code.output
perl -I../.. ../../tests/vm/mmap-over-code.ck tests/vm/mmap-over-code tests/vm/mmap-over-code.result
pass tests/vm/mmap-over-code
pintos -v -k -T 60 --smp 2 --kvm  --filesys-size=2 -p tests/vm/mmap-over-data -a mmap-over-data -p ../../tests/vm/sample.txt -a sample.txt --swap-size=4 -- -q  -f run mmap-over-data < /dev/null 2> tests/vm/mmap-over-data.errors > tests/vm/mmap-over-data.output
perl -I../.. ../../tests/vm/mmap-over-data.ck tests/vm/mmap-over-data tests/vm/mmap-over-data.result
pass tests/vm/mmap-over-data
pintos -v -k -T 60 --smp 2 --kvm  --filesys-size=2 -p tests/vm/mmap-over-stk -a mmap-over-stk -p ../../tests/vm/sample.txt -a sample.txt --swap-size=4 -- -q  -f run mmap-over-stk < /dev/null 2> tests/vm/mmap-over-stk.errors > tests/vm/mmap-over-stk.output
perl -I../.. ../../tests/vm/mmap-over-stk.ck tests/vm/mmap-over-stk tests/vm/mmap-over-stk.result
pass tests/vm/mmap-over-stk
pintos -v -k -T 60 --smp 2 --kvm  --filesys-size=2 -p tests/vm/mmap-remove -a mmap-remove -p ../../tests/vm/sample.txt -a sample.txt --swap-size=4 -- -q  -f run mmap-remove < /dev/null 2> tests/vm/mmap-remove.errors > tests/vm/mmap-remove.output
perl -I../.. ../../tests/vm/mmap-remove.ck tests/vm/mmap-remove tests/vm/mmap-remove.result
pass tests/vm/mmap-remove
pintos -v -k -T 60 --smp 2 --kvm  --filesys-size=2 -p tests/vm/mmap-zero -a mmap-zero --swap-size=4 -- -q  -f run mmap-zero < /dev/null 2> tests/vm/mmap-zero.errors > tests/vm/mmap-zero.output
perl -I../.. ../../tests/vm/mmap-zero.ck tests/vm/mmap-zero tests/vm/mmap-zero.result
pass tests/vm/mmap-zero
pintos -v -k -T 60 --smp 2 --kvm  --filesys-size=2 -p tests/filesys/base/lg-create -a lg-create --swap-size=4 -- -q  -f run lg-create < /dev/null 2> tests/filesys/base/lg-create.errors > tests/filesys/base/lg-create.output
perl -I../.. ../../tests/filesys/base/lg-create.ck tests/filesys/base/lg-create tests/filesys/base/lg-create.result
pass tests/filesys/base/lg-create
pintos -v -k -T 60 --smp 2 --kvm  --filesys-size=2 -p tests/filesys/base/lg-full -a lg-full --swap-size=4 -- -q  -f run lg-full < /dev/null 2> tests/filesys/base/lg-full.errors > tests/filesys/base/lg-full.output
perl -I../.. ../../tests/filesys/base/lg-full.ck tests/filesys/base/lg-full tests/filesys/base/lg-full.result
pass tests/filesys/base/lg-full
pintos -v -k -T 60 --smp 2 --kvm  --filesys-size=2 -p tests/filesys/base/lg-random -a lg-random --swap-size=4 -- -q  -f run lg-random < /dev/null 2> tests/filesys/base/lg-random.errors > tests/filesys/base/lg-random.output
perl -I../.. ../../tests/filesys/base/lg-random.ck tests/filesys/base/lg-random tests/filesys/base/lg-random.result
pass tests/filesys/base/lg-random
pintos -v -k -T 60 --smp 2 --kvm  --filesys-size=2 -p tests/filesys/base/lg-seq-block -a lg-seq-block --swap-size=4 -- -q  -f run lg-seq-block < /dev/null 2> tests/filesys/base/lg-seq-block.errors > tests/filesys/base/lg-seq-block.output
perl -I../.. ../../tests/filesys/base/lg-seq-block.ck tests/filesys/base/lg-seq-block tests/filesys/base/lg-seq-block.result
pass tests/filesys/base/lg-seq-block
pintos -v -k -T 60 --smp 2 --kvm  --filesys-size=2 -p tests/filesys/base/lg-seq-random -a lg-seq-random --swap-size=4 -- -q  -f run lg-seq-random < /dev/null 2> tests/filesys/base/lg-seq-random.errors > tests/filesys/base/lg-seq-random.output
perl -I../.. ../../tests/filesys/base/lg-seq-random.ck tests/filesys/base/lg-seq-random tests/filesys/base/lg-seq-random.result
pass tests/filesys/base/lg-seq-random
pintos -v -k -T 60 --smp 2 --kvm  --filesys-size=2 -p tests/filesys/base/sm-create -a sm-create --swap-size=4 -- -q  -f run sm-create < /dev/null 2> tests/filesys/base/sm-create.errors > tests/filesys/base/sm-create.output
perl -I../.. ../../tests/filesys/base/sm-create.ck tests/filesys/base/sm-create tests/filesys/base/sm-create.result
pass tests/filesys/base/sm-create
pintos -v -k -T 60 --smp 2 --kvm  --filesys-size=2 -p tests/filesys/base/sm-full -a sm-full --swap-size=4 -- -q  -f run sm-full < /dev/null 2> tests/filesys/base/sm-full.errors > tests/filesys/base/sm-full.output
perl -I../.. ../../tests/filesys/base/sm-full.ck tests/filesys/base/sm-full tests/filesys/base/sm-full.result
pass tests/filesys/base/sm-full
pintos -v -k -T 60 --smp 2 --kvm  --filesys-size=2 -p tests/filesys/base/sm-random -a sm-random --swap-size=4 -- -q  -f run sm-random < /dev/null 2> tests/filesys/base/sm-random.errors > tests/filesys/base/sm-random.output
perl -I../.. ../../tests/filesys/base/sm-random.ck tests/filesys/base/sm-random tests/filesys/base/sm-random.result
pass tests/filesys/base/sm-random
pintos -v -k -T 60 --smp 2 --kvm  --filesys-size=2 -p tests/filesys/base/sm-seq-block -a sm-seq-block --swap-size=4 -- -q  -f run sm-seq-block < /dev/null 2> tests/filesys/base/sm-seq-block.errors > tests/filesys/base/sm-seq-block.output
perl -I../.. ../../tests/filesys/base/sm-seq-block.ck tests/filesys/base/sm-seq-block tests/filesys/base/sm-seq-block.result
pass tests/filesys/base/sm-seq-block
pintos -v -k -T 60 --smp 2 --kvm  --filesys-size=2 -p tests/filesys/base/sm-seq-random -a sm-seq-random --swap-size=4 -- -q  -f run sm-seq-random < /dev/null 2> tests/filesys/base/sm-seq-random.errors > tests/filesys/base/sm-seq-random.output
perl -I../.. ../../tests/filesys/base/sm-seq-random.ck tests/filesys/base/sm-seq-random tests/filesys/base/sm-seq-random.result
pass tests/filesys/base/sm-seq-random
pintos -v -k -T 300 --smp 8 --kvm  --filesys-size=2 -p tests/filesys/base/syn-read -a syn-read -p tests/filesys/base/child-syn-read -a child-syn-read --swap-size=4 -- -q  -f run syn-read < /dev/null 2> tests/filesys/base/syn-read.errors > tests/filesys/base/syn-read.output
perl -I../.. ../../tests/filesys/base/syn-read.ck tests/filesys/base/syn-read tests/filesys/base/syn-read.result
FAIL tests/filesys/base/syn-read
run: wait for child 1 of 10 returned -1 (expected 0): FAILED
pintos -v -k -T 60 --smp 2 --kvm  --filesys-size=2 -p tests/filesys/base/syn-remove -a syn-remove --swap-size=4 -- -q  -f run syn-remove < /dev/null 2> tests/filesys/base/syn-remove.errors > tests/filesys/base/syn-remove.output
perl -I../.. ../../tests/filesys/base/syn-remove.ck tests/filesys/base/syn-remove tests/filesys/base/syn-remove.result
pass tests/filesys/base/syn-remove
pintos -v -k -T 60 --smp 8 --kvm  --filesys-size=2 -p tests/filesys/base/syn-write -a syn-write -p tests/filesys/base/child-syn-wrt -a child-syn-wrt --swap-size=4 -- -q  -f run syn-write < /dev/null 2> tests/filesys/base/syn-write.errors > tests/filesys/base/syn-write.output
perl -I../.. ../../tests/filesys/base/syn-write.ck tests/filesys/base/syn-write tests/filesys/base/syn-write.result
FAIL tests/filesys/base/syn-write
Kernel panic in run: PANIC from CPU 1 at ../../userprog/exception.c:106 in kill(): Kernel PANIC recursion at ../../devices/serial.c:232 in putc_poll().
Call stack: 0xc00327d2
Translation of call stack:
0xc00327d2: debug_backtrace_with_lock (.../../lib/kernel/debug.c:56)
pass tests/userprog/args-none
pass tests/userprog/args-single
pass tests/userprog/args-multiple
pass tests/userprog/args-many
pass tests/userprog/args-dbl-space
pass tests/userprog/sc-bad-sp
pass tests/userprog/sc-bad-arg
pass tests/userprog/sc-boundary
pass tests/userprog/sc-boundary-2
pass tests/userprog/halt
pass tests/userprog/exit
pass tests/userprog/create-normal
pass tests/userprog/create-empty
pass tests/userprog/create-null
pass tests/userprog/create-bad-ptr
pass tests/userprog/create-long
pass tests/userprog/create-exists
pass tests/userprog/create-bound
pass tests/userprog/open-normal
pass tests/userprog/open-missing
pass tests/userprog/open-boundary
pass tests/userprog/open-empty
pass tests/userprog/open-null
pass tests/userprog/open-bad-ptr
pass tests/userprog/open-twice
pass tests/userprog/close-normal
pass tests/userprog/close-twice
pass tests/userprog/close-stdin
pass tests/userprog/close-stdout
pass tests/userprog/close-bad-fd
pass tests/userprog/read-normal
pass tests/userprog/read-bad-ptr
pass tests/userprog/read-boundary
pass tests/userprog/read-zero
pass tests/userprog/read-stdout
pass tests/userprog/read-bad-fd
pass tests/userprog/write-normal
pass tests/userprog/write-bad-ptr
pass tests/userprog/write-boundary
pass tests/userprog/write-zero
pass tests/userprog/write-stdin
pass tests/userprog/write-bad-fd
FAIL tests/userprog/exec-once
FAIL tests/userprog/exec-arg
FAIL tests/userprog/exec-multiple
pass tests/userprog/exec-missing
pass tests/userprog/exec-bad-ptr
FAIL tests/userprog/wait-simple
FAIL tests/userprog/wait-twice
FAIL tests/userprog/wait-killed
pass tests/userprog/wait-bad-pid
FAIL tests/userprog/multi-recurse
FAIL tests/userprog/multi-child-fd
pass tests/userprog/rox-simple
FAIL tests/userprog/rox-child
FAIL tests/userprog/rox-multichild
pass tests/userprog/bad-read
pass tests/userprog/bad-write
pass tests/userprog/bad-read2
pass tests/userprog/bad-write2
pass tests/userprog/bad-jump
pass tests/userprog/bad-jump2
pass tests/userprog/fd-management
FAIL tests/vm/pt-grow-stack
FAIL tests/vm/pt-grow-pusha
FAIL tests/vm/pt-grow-bad
FAIL tests/vm/pt-big-stk-obj
pass tests/vm/pt-bad-addr
pass tests/vm/pt-bad-read
pass tests/vm/pt-write-code
FAIL tests/vm/pt-write-code2
FAIL tests/vm/pt-grow-stk-sc
FAIL tests/vm/page-linear
FAIL tests/vm/page-parallel
FAIL tests/vm/page-merge-seq
FAIL tests/vm/page-merge-par
FAIL tests/vm/page-merge-stk
FAIL tests/vm/page-merge-mm
pass tests/vm/page-shuffle
pass tests/vm/mmap-read
pass tests/vm/mmap-close
pass tests/vm/mmap-unmap
pass tests/vm/mmap-overlap
pass tests/vm/mmap-twice
pass tests/vm/mmap-write
FAIL tests/vm/mmap-exit
pass tests/vm/mmap-shuffle
pass tests/vm/mmap-bad-fd
pass tests/vm/mmap-clean
FAIL tests/vm/mmap-inherit
pass tests/vm/mmap-misalign
pass tests/vm/mmap-null
pass tests/vm/mmap-over-code
pass tests/vm/mmap-over-data
pass tests/vm/mmap-over-stk
pass tests/vm/mmap-remove
pass tests/vm/mmap-zero
pass tests/filesys/base/lg-create
pass tests/filesys/base/lg-full
pass tests/filesys/base/lg-random
pass tests/filesys/base/lg-seq-block
pass tests/filesys/base/lg-seq-random
pass tests/filesys/base/sm-create
pass tests/filesys/base/sm-full
pass tests/filesys/base/sm-random
pass tests/filesys/base/sm-seq-block
pass tests/filesys/base/sm-seq-random
FAIL tests/filesys/base/syn-read
pass tests/filesys/base/syn-remove
FAIL tests/filesys/base/syn-write
26 of 110 tests failed.
make[1]: Leaving directory '/home/ugrads/majors/ryeung/cs4284/pintos-2017/src/vm/build'
